In file included from test.c:4:
hashmap.c: In function 'enlarge':
hashmap.c:77:10: warning: unused variable 'new_size' [-Wunused-variable]
   77 |     long new_size = 0;
      |          ^~~~~~~~
hashmap.c:74:10: warning: unused variable 'old_size' [-Wunused-variable]
   74 |     long old_size = map->size;
      |          ^~~~~~~~
test.c: At top level:
test.c:8:8: warning: '_strdup' redeclared without dllimport attribute: previous dllimport ignored [-Wattributes]
    8 | char * _strdup(const char * str) {
      |        ^~~~~~~
test.c: In function 'enlarge_test':
test.c:442:9: warning: 'sprintf' argument 3 overlaps destination object 'msg' [-Wrestrict]
  442 |         sprintf(msg,"%.100s\nbut should be: \nvalue3  (null)  (null)  (null)  value4  (null)  value2  value1  value0  (null)  (null)  (null)  value5  (null)  (null)  (null)  (null)  (null)  (null)  (null)",msg);
      |         ^~~~~~~~~~~~~~~~~~~~~~~~~~~~~~~~~~~~~~~~~~~~~~~~~~~~~~~~~~~~~~~~~~~~~~~~~~~~~~~~~~~~~~~~~~~~~~~~~~~~~~~~~~~~~~~~~~~~~~~~~~~~~~~~~~~~~~~~~~~~~~~~~~~~~~~~~~~~~~~~~~~~~~~~~~~~~~~~~~~~~~~~~~~~~~~~~~~~~~~~~~
test.c:14:6: note: destination object referenced by 'restrict'-qualified argument 1 was declared here
   14 | char msg[300];
      |      ^~~
test.c:439:18: warning: 'sprintf' argument 3 overlaps destination object 'msg' [-Wrestrict]
  439 |             else sprintf(msg,"%.100s%s  ", msg, (char*)map->buckets[i]->value);
      |                  ^~~~~~~~~~~~~~~~~~~~~~~~~~~~~~~~~~~~~~~~~~~~~~~~~~~~~~~~~~~~~
test.c:14:6: note: destination object referenced by 'restrict'-qualified argument 1 was declared here
   14 | char msg[300];
      |      ^~~
test.c:438:39: warning: 'sprintf' argument 3 overlaps destination object 'msg' [-Wrestrict]
  438 |             if(map->buckets[i]==NULL) sprintf(msg,"%.100s(null)  ",msg);
      |                                       ^~~~~~~~~~~~~~~~~~~~~~~~~~~~~~~~~
test.c:14:6: note: destination object referenced by 'restrict'-qualified argument 1 was declared here
   14 | char msg[300];
      |      ^~~
